Arguments: 
  C:\Program Files\nodejs\node.exe C:\Program Files (x86)\Yarn\bin\yarn.js add ract-bootstrap

PATH: 
  C:\Users\Moises\bin;C:\Program Files\Git\mingw64\bin;C:\Program Files\Git\usr\local\bin;C:\Program Files\Git\usr\bin;C:\Program Files\Git\usr\bin;C:\Program Files\Git\mingw64\bin;C:\Program Files\Git\usr\bin;C:\Users\Moises\bin;C:\Program Files (x86)\Common Files\Oracle\Java\javapath;C:\Windows\system32;C:\Windows;C:\Windows\System32\Wbem;C:\Windows\System32\WindowsPowerShell\v1.0;C:\Windows\System32\OpenSSH;C:\Program Files (x86)\Intel\Intel(R) Management Engine Components\DAL;C:\Program Files\Intel\Intel(R) Management Engine Components\DAL;C:\ProgramData\chocolatey\bin;C:\Program Files\nodejs;C:\Program Files (x86)\Yarn\bin;C:\Program Files\dotnet;C:\Program Files (x86)\dotnet;C:\Program Files\Git\cmd;C:\Program Files\Docker\Docker\resources\bin;C:\ProgramData\DockerDesktop\version-bin;C:\Users\Moises\AppData\Local\Microsoft\WindowsApps;C:\Users\Moises\AppData\Local\Programs\Microsoft VS Code\bin;C:\Users\Moises\AppData\Roaming\npm;C:\Users\Moises\AppData\Local\Yarn\bin;C:\Program Files\heroku\bin;C:\Program Files\Git\usr\bin\vendor_perl;C:\Program Files\Git\usr\bin\core_perl

Yarn version: 
  1.22.0

Node version: 
  13.9.0

Platform: 
  win32 x64

Trace: 
  Error: https://registry.yarnpkg.com/ract-bootstrap: Not found
      at Request.params.callback [as _callback] (C:\Program Files (x86)\Yarn\lib\cli.js:66084:18)
      at Request.self.callback (C:\Program Files (x86)\Yarn\lib\cli.js:140727:22)
      at Request.emit (events.js:321:20)
      at Request.<anonymous> (C:\Program Files (x86)\Yarn\lib\cli.js:141699:10)
      at Request.emit (events.js:321:20)
      at IncomingMessage.<anonymous> (C:\Program Files (x86)\Yarn\lib\cli.js:141621:12)
      at Object.onceWrapper (events.js:427:28)
      at IncomingMessage.emit (events.js:333:22)
      at endReadableNT (_stream_readable.js:1201:12)
      at processTicksAndRejections (internal/process/task_queues.js:84:21)

npm manifest: 
  {
    "name": "unaroadmap-dashboard",
    "version": "0.1.0",
    "description": "Projeto Una.",
    "main": "index.js",
    "scripts": {
      "test": "echo \"Error: no test specified\" && exit 1",
      "start": "npm run start:dev",
      "build:dev": "node ./build/cli-tools.js --clear dist --create dist && webpack --config ./build/webpack.config.client.dev.js",
      "build:prod": "node ./build/cli-tools.js --clear dist --create dist && webpack --config ./build/webpack.config.client.prod.js",
      "start:dev": "node ./build/cli-tools.js --clear dist --create dist && webpack-dev-server --config ./build/webpack.config.client.dev.js",
      "start:prod": "node ./build/cli-tools.js --clear dist --create dist && webpack-dev-server --config ./build/webpack.config.client.prod.js"
    },
    "author": "Webkom",
    "license": "ISC",
    "devDependencies": {
      "@babel/cli": "^7.4.4",
      "@babel/core": "^7.4.5",
      "@babel/plugin-proposal-class-properties": "^7.4.4",
      "@babel/plugin-syntax-dynamic-import": "^7.2.0",
      "@babel/preset-env": "^7.4.5",
      "@babel/preset-react": "^7.0.0",
      "autoprefixer": "^9.6.0",
      "babel-eslint": "^10.0.1",
      "babel-loader": "^8.0.6",
      "babel-plugin-universal-import": "^4.0.0",
      "circular-dependency-plugin": "^5.0.2",
      "commander": "^2.20.0",
      "css-loader": "^3.1.0",
      "eslint": "^6.1.0",
      "eslint-config-airbnb": "^17.1.0",
      "eslint-import-resolver-alias": "^1.1.2",
      "eslint-plugin-import": "^2.17.3",
      "eslint-plugin-jsx-a11y": "^6.2.1",
      "eslint-plugin-react": "^7.13.0",
      "extract-css-chunks-webpack-plugin": "^4.5.2",
      "file-loader": "^4.0.0",
      "html-webpack-plugin": "^3.2.0",
      "mkdirp": "^0.5.1",
      "node-sass": "^4.12.0",
      "optimize-css-assets-webpack-plugin": "^5.0.1",
      "postcss-loader": "^3.0.0",
      "raw-loader": "^3.0.0",
      "rimraf": "^2.6.3",
      "sass-loader": "^7.1.0",
      "style-loader": "^0.23.1",
      "terser-webpack-plugin": "^1.3.0",
      "webpack": "^4.33.0",
      "webpack-cli": "^3.3.4",
      "webpack-dev-server": "^3.7.1"
    },
    "dependencies": {
      "@babel/polyfill": "^7.4.4",
      "@owczar/dashboard-style--airframe": "^0.1.13",
      "ag-grid-community": "^21.0.1",
      "ag-grid-react": "^21.0.1",
      "axios": "^0.19.2",
      "bootstrap": "^4.3.1",
      "faker": "^4.1.0",
      "font-awesome": "^4.7.0",
      "holderjs": "^2.9.6",
      "lodash": "^4.17.11",
      "moment": "^2.24.0",
      "node-fetch": "^2.6.0",
      "numeral": "^2.0.6",
      "prop-types": "^15.7.2",
      "query-string": "^6.7.0",
      "rc-slider": "^8.6.13",
      "react": "^16.8.6",
      "react-beautiful-dnd": "^11.0.4",
      "react-big-calendar": "^0.22.0",
      "react-bootstrap-table-next": "^3.1.4",
      "react-bootstrap-table2-editor": "^1.2.4",
      "react-bootstrap-table2-filter": "^1.1.9",
      "react-bootstrap-table2-paginator": "^2.0.6",
      "react-bootstrap-table2-toolkit": "^2.0.1",
      "react-bootstrap-typeahead": "^4.0.0-alpha.9",
      "react-datepicker": "^2.7.0",
      "react-dom": "^16.8.6",
      "react-dropzone": "^10.1.5",
      "react-grid-layout": "^0.16.6",
      "react-helmet": "^5.2.1",
      "react-hot-loader": "^4.11.0",
      "react-image-crop": "^8.0.2",
      "react-quill": "^1.3.3",
      "react-responsive": "^7.0.0",
      "react-router": "^5.0.1",
      "react-router-dom": "^5.2.0",
      "react-text-mask": "^5.4.3",
      "react-toastify": "^5.2.1",
      "react-toggle": "^4.0.2",
      "react-universal-component": "^4.0.0",
      "reactstrap": "^8.0.0",
      "recharts": "^1.6.2",
      "text-mask-addons": "^3.8.0",
      "uuid": "^3.3.2",
      "webpack-cli": "^3.1.0",
      "webpack-flush-chunks": "^2.0.3"
    }
  }

yarn manifest: 
  No manifest

Lockfile: 
  No lockfile
